<?xml version="1.0" encoding="UTF-8"?>
<testng-results ignored="0" total="2" passed="2" failed="0" skipped="0">
  <reporter-output>
  </reporter-output>
  <suite started-at="2023-02-13T15:03:25 IST" name="Default suite" finished-at="2023-02-13T15:03:49 IST" duration-ms="23899">
    <groups>
    </groups>
    <test started-at="2023-02-13T15:03:25 IST" name="Default test" finished-at="2023-02-13T15:03:49 IST" duration-ms="23899">
      <class name="check.AmazonTest">
        <test-method is-config="true" signature="setup()[pri:0, instance:check.AmazonTest@101952da]" started-at="2023-02-13T15:03:25 IST" name="setup" finished-at="2023-02-13T15:03:38 IST" duration-ms="12815" status="PASS">
          <reporter-output>
          </reporter-output>
        </test-method> <!-- setup -->
        <test-method signature="verifyLogo()[pri:0, instance:check.AmazonTest@101952da]" started-at="2023-02-13T15:03:38 IST" name="verifyLogo" finished-at="2023-02-13T15:03:41 IST" duration-ms="3142" status="PASS">
          <reporter-output>
          </reporter-output>
        </test-method> <!-- verifyLogo -->
        <test-method is-config="true" signature="tearDown()[pri:0, instance:check.AmazonTest@101952da]" started-at="2023-02-13T15:03:41 IST" name="tearDown" finished-at="2023-02-13T15:03:41 IST" duration-ms="389" status="PASS">
          <reporter-output>
          </reporter-output>
        </test-method> <!-- tearDown -->
        <test-method is-config="true" signature="setup()[pri:0, instance:check.AmazonTest@101952da]" started-at="2023-02-13T15:03:41 IST" name="setup" finished-at="2023-02-13T15:03:48 IST" duration-ms="6954" status="PASS">
          <reporter-output>
          </reporter-output>
        </test-method> <!-- setup -->
        <test-method signature="verifyTitle()[pri:0, instance:check.AmazonTest@101952da]" started-at="2023-02-13T15:03:48 IST" name="verifyTitle" finished-at="2023-02-13T15:03:48 IST" duration-ms="180" status="PASS">
          <reporter-output>
          </reporter-output>
        </test-method> <!-- verifyTitle -->
        <test-method is-config="true" signature="tearDown()[pri:0, instance:check.AmazonTest@101952da]" started-at="2023-02-13T15:03:48 IST" name="tearDown" finished-at="2023-02-13T15:03:49 IST" duration-ms="332" status="PASS">
          <reporter-output>
          </reporter-output>
        </test-method> <!-- tearDown -->
      </class> <!-- check.AmazonTest -->
    </test> <!-- Default test -->
  </suite> <!-- Default suite -->
</testng-results>
